/ocean/projects/eng220005p/agautam3/resstock-3.4.0/national_ASHP_8000_all_unit_residence
Projecting Future Energy Consumption (Baseline Equipment): heating
Projecting Future Energy Consumption (Baseline Equipment): cooling
Calculating marginal emissions and marginal damages for heating
Calculating marginal emissions and marginal damages for heating
Calculating BASELINE (no retrofit) fuel costs from 2024 to 2049 for heating
Calculating BASELINE (no retrofit) fuel costs from 2024 to 2049 for heating
/ocean/projects/eng220005p/agautam3/resstock-3.4.0/national_ASHP_8000_all_unit_residence_ASHP
start loading data from upgrades
Upgrade not applicable, returning empty row
Upgrade not applicable, returning empty row
Upgrade not applicable, returning empty row
Upgrade not applicable, returning empty row
Upgrade not applicable, returning empty row
Upgrade not applicable, returning empty row
Upgrade not applicable, returning empty row
Upgrade not applicable, returning empty row
Upgrade not applicable, returning empty row
Upgrade not applicable, returning empty row
Upgrade not applicable, returning empty row
Upgrade not applicable, returning empty row
Upgrade not applicable, returning empty row
Upgrade not applicable, returning empty row
Upgrade not applicable, returning empty row
Upgrade not applicable, returning empty row
Upgrade not applicable, returning empty row
Upgrade not applicable, returning empty row
Upgrade not applicable, returning empty row
Upgrade not applicable, returning empty row
Upgrade not applicable, returning empty row
Upgrade not applicable, returning empty row
Upgrade not applicable, returning empty row
Upgrade not applicable, returning empty row
Upgrade not applicable, returning empty row
Upgrade not applicable, returning empty row
Upgrade not applicable, returning empty row
Upgrade not applicable, returning empty row
Upgrade not applicable, returning empty row
Upgrade not applicable, returning empty row
Upgrade not applicable, returning empty row
Upgrade not applicable, returning empty row
Upgrade not applicable, returning empty row
Upgrade not applicable, returning empty row
Upgrade not applicable, returning empty row
Upgrade not applicable, returning empty row
Upgrade not applicable, returning empty row
Upgrade not applicable, returning empty row
Upgrade not applicable, returning empty row
Upgrade not applicable, returning empty row
Upgrade not applicable, returning empty row
Upgrade not applicable, returning empty row
Upgrade not applicable, returning empty row
Upgrade not applicable, returning empty row
Upgrade not applicable, returning empty row
Upgrade not applicable, returning empty row
Upgrade not applicable, returning empty row
Upgrade not applicable, returning empty row
Upgrade not applicable, returning empty row
Upgrade not applicable, returning empty row
Upgrade not applicable, returning empty row
Upgrade not applicable, returning empty row
Upgrade not applicable, returning empty row
Upgrade not applicable, returning empty row
Upgrade not applicable, returning empty row
Upgrade not applicable, returning empty row
Upgrade not applicable, returning empty row
Upgrade not applicable, returning empty row
Upgrade not applicable, returning empty row
Upgrade not applicable, returning empty row
Upgrade not applicable, returning empty row
Upgrade not applicable, returning empty row
Upgrade not applicable, returning empty row
Upgrade not applicable, returning empty row
Upgrade not applicable, returning empty row
Upgrade not applicable, returning empty row
Upgrade not applicable, returning empty row
Upgrade not applicable, returning empty row
Upgrade not applicable, returning empty row
Upgrade not applicable, returning empty row
Upgrade not applicable, returning empty row
Upgrade not applicable, returning empty row
Upgrade not applicable, returning empty row
Upgrade not applicable, returning empty row
Upgrade not applicable, returning empty row
Upgrade not applicable, returning empty row
Upgrade not applicable, returning empty row
Upgrade not applicable, returning empty row
Upgrade not applicable, returning empty row
Upgrade not applicable, returning empty row
Upgrade not applicable, returning empty row
Upgrade not applicable, returning empty row
Upgrade not applicable, returning empty row
Upgrade not applicable, returning empty row
Upgrade not applicable, returning empty row
Upgrade not applicable, returning empty row
Upgrade not applicable, returning empty row
Upgrade not applicable, returning empty row
Upgrade not applicable, returning empty row
Upgrade not applicable, returning empty row
Upgrade not applicable, returning empty row
Upgrade not applicable, returning empty row
Upgrade not applicable, returning empty row
Upgrade not applicable, returning empty row
Upgrade not applicable, returning empty row
Upgrade not applicable, returning empty row
Upgrade not applicable, returning empty row
Upgrade not applicable, returning empty row
Upgrade not applicable, returning empty row
Upgrade not applicable, returning empty row
Upgrade not applicable, returning empty row
Upgrade not applicable, returning empty row
Upgrade not applicable, returning empty row
Upgrade not applicable, returning empty row
Upgrade not applicable, returning empty row
Upgrade not applicable, returning empty row
Upgrade not applicable, returning empty row
Upgrade not applicable, returning empty row
Upgrade not applicable, returning empty row
Upgrade not applicable, returning empty row
Upgrade not applicable, returning empty row
Upgrade not applicable, returning empty row
Upgrade not applicable, returning empty row
Upgrade not applicable, returning empty row
Upgrade not applicable, returning empty row
Upgrade not applicable, returning empty row
Upgrade not applicable, returning empty row
Upgrade not applicable, returning empty row
Upgrade not applicable, returning empty row
Upgrade not applicable, returning empty row
Upgrade not applicable, returning empty row
Upgrade not applicable, returning empty row
Upgrade not applicable, returning empty row
Upgrade not applicable, returning empty row
Upgrade not applicable, returning empty row
Upgrade not applicable, returning empty row
Upgrade not applicable, returning empty row
Upgrade not applicable, returning empty row
Upgrade not applicable, returning empty row
Upgrade not applicable, returning empty row
Upgrade not applicable, returning empty row
Upgrade not applicable, returning empty row
Upgrade not applicable, returning empty row
Upgrade not applicable, returning empty row
Upgrade not applicable, returning empty row
Upgrade not applicable, returning empty row
Upgrade not applicable, returning empty row
Upgrade not applicable, returning empty row
Upgrade not applicable, returning empty row
Upgrade not applicable, returning empty row
Upgrade not applicable, returning empty row
Upgrade not applicable, returning empty row
Upgrade not applicable, returning empty row
Upgrade not applicable, returning empty row
Upgrade not applicable, returning empty row
Upgrade not applicable, returning empty row
Upgrade not applicable, returning empty row
Upgrade not applicable, returning empty row
Upgrade not applicable, returning empty row
Upgrade not applicable, returning empty row
Upgrade not applicable, returning empty row
Upgrade not applicable, returning empty row
Upgrade not applicable, returning empty row
Upgrade not applicable, returning empty row
Upgrade not applicable, returning empty row
Upgrade not applicable, returning empty row
Upgrade not applicable, returning empty row
Upgrade not applicable, returning empty row
Upgrade not applicable, returning empty row
Upgrade not applicable, returning empty row
Upgrade not applicable, returning empty row
Upgrade not applicable, returning empty row
Upgrade not applicable, returning empty row
Upgrade not applicable, returning empty row
Upgrade not applicable, returning empty row
Upgrade not applicable, returning empty row
Upgrade not applicable, returning empty row
Upgrade not applicable, returning empty row
Upgrade not applicable, returning empty row
Upgrade not applicable, returning empty row
Upgrade not applicable, returning empty row
Upgrade not applicable, returning empty row
Upgrade not applicable, returning empty row
Upgrade not applicable, returning empty row
Upgrade not applicable, returning empty row
Upgrade not applicable, returning empty row
Upgrade not applicable, returning empty row
Upgrade not applicable, returning empty row
Upgrade not applicable, returning empty row
Upgrade not applicable, returning empty row
Upgrade not applicable, returning empty row
Upgrade not applicable, returning empty row
Upgrade not applicable, returning empty row
Upgrade not applicable, returning empty row
Upgrade not applicable, returning empty row
Upgrade not applicable, returning empty row
Upgrade not applicable, returning empty row
Upgrade not applicable, returning empty row
Upgrade not applicable, returning empty row
Upgrade not applicable, returning empty row
Upgrade not applicable, returning empty row
Upgrade not applicable, returning empty row
Upgrade not applicable, returning empty row
Upgrade not applicable, returning empty row
Upgrade not applicable, returning empty row
Upgrade not applicable, returning empty row
Upgrade not applicable, returning empty row
Upgrade not applicable, returning empty row
Upgrade not applicable, returning empty row
Upgrade not applicable, returning empty row
Upgrade not applicable, returning empty row
Upgrade not applicable, returning empty row
Upgrade not applicable, returning empty row
Upgrade not applicable, returning empty row
Upgrade not applicable, returning empty row
Upgrade not applicable, returning empty row
Upgrade not applicable, returning empty row
Upgrade not applicable, returning empty row
Upgrade not applicable, returning empty row
Upgrade not applicable, returning empty row
Upgrade not applicable, returning empty row
Upgrade not applicable, returning empty row
Upgrade not applicable, returning empty row
Upgrade not applicable, returning empty row
Upgrade not applicable, returning empty row
Upgrade not applicable, returning empty row
Upgrade not applicable, returning empty row
Upgrade not applicable, returning empty row
Upgrade not applicable, returning empty row
Upgrade not applicable, returning empty row
Upgrade not applicable, returning empty row
Upgrade not applicable, returning empty row
Upgrade not applicable, returning empty row
Upgrade not applicable, returning empty row
Upgrade not applicable, returning empty row
Upgrade not applicable, returning empty row
Upgrade not applicable, returning empty row
Upgrade not applicable, returning empty row
Upgrade not applicable, returning empty row
Upgrade not applicable, returning empty row
Upgrade not applicable, returning empty row
Upgrade not applicable, returning empty row
Upgrade not applicable, returning empty row
Upgrade not applicable, returning empty row
Upgrade not applicable, returning empty row
Upgrade not applicable, returning empty row
Upgrade not applicable, returning empty row
Upgrade not applicable, returning empty row
Upgrade not applicable, returning empty row
Upgrade not applicable, returning empty row
Upgrade not applicable, returning empty row
Upgrade not applicable, returning empty row
Upgrade not applicable, returning empty row
Upgrade not applicable, returning empty row
Upgrade not applicable, returning empty row
Upgrade not applicable, returning empty row
Upgrade not applicable, returning empty row
Upgrade not applicable, returning empty row
Upgrade not applicable, returning empty row
Upgrade not applicable, returning empty row
Upgrade not applicable, returning empty row
Upgrade not applicable, returning empty row
Upgrade not applicable, returning empty row
Upgrade not applicable, returning empty row
Upgrade not applicable, returning empty row
Upgrade not applicable, returning empty row
Upgrade not applicable, returning empty row
Upgrade not applicable, returning empty row
Upgrade not applicable, returning empty row
Upgrade not applicable, returning empty row
Upgrade not applicable, returning empty row
Upgrade not applicable, returning empty row
Upgrade not applicable, returning empty row
Upgrade not applicable, returning empty row
Upgrade not applicable, returning empty row
Upgrade not applicable, returning empty row
Upgrade not applicable, returning empty row
Upgrade not applicable, returning empty row
Upgrade not applicable, returning empty row
Upgrade not applicable, returning empty row
Upgrade not applicable, returning empty row
Upgrade not applicable, returning empty row
Upgrade not applicable, returning empty row
Upgrade not applicable, returning empty row
Upgrade not applicable, returning empty row
Upgrade not applicable, returning empty row
Upgrade not applicable, returning empty row
Upgrade not applicable, returning empty row
Upgrade not applicable, returning empty row
Upgrade not applicable, returning empty row
Upgrade not applicable, returning empty row
Upgrade not applicable, returning empty row
Upgrade not applicable, returning empty row
Upgrade not applicable, returning empty row
Upgrade not applicable, returning empty row
Upgrade not applicable, returning empty row
Upgrade not applicable, returning empty row
Upgrade not applicable, returning empty row
Upgrade not applicable, returning empty row
Upgrade not applicable, returning empty row
Upgrade not applicable, returning empty row
Upgrade not applicable, returning empty row
Upgrade not applicable, returning empty row
Upgrade not applicable, returning empty row
Upgrade not applicable, returning empty row
Upgrade not applicable, returning empty row
Upgrade not applicable, returning empty row
Upgrade not applicable, returning empty row
Upgrade not applicable, returning empty row
Upgrade not applicable, returning empty row
Upgrade not applicable, returning empty row
Upgrade not applicable, returning empty row
Upgrade not applicable, returning empty row
Upgrade not applicable, returning empty row
Upgrade not applicable, returning empty row
Upgrade not applicable, returning empty row
Upgrade not applicable, returning empty row
Upgrade not applicable, returning empty row
Upgrade not applicable, returning empty row
Upgrade not applicable, returning empty row
Upgrade not applicable, returning empty row
Upgrade not applicable, returning empty row
Upgrade not applicable, returning empty row
Upgrade not applicable, returning empty row
Upgrade not applicable, returning empty row
Upgrade not applicable, returning empty row
Upgrade not applicable, returning empty row
Upgrade not applicable, returning empty row
Upgrade not applicable, returning empty row
Upgrade not applicable, returning empty row
Upgrade not applicable, returning empty row
Upgrade not applicable, returning empty row
Upgrade not applicable, returning empty row
Upgrade not applicable, returning empty row
Upgrade not applicable, returning empty row
Upgrade not applicable, returning empty row
Upgrade not applicable, returning empty row
Upgrade not applicable, returning empty row
Upgrade not applicable, returning empty row
Upgrade not applicable, returning empty row
Upgrade not applicable, returning empty row
Upgrade not applicable, returning empty row
Upgrade not applicable, returning empty row
Upgrade not applicable, returning empty row
Upgrade not applicable, returning empty row
Upgrade not applicable, returning empty row
Upgrade not applicable, returning empty row
Upgrade not applicable, returning empty row
Upgrade not applicable, returning empty row
Upgrade not applicable, returning empty row
Upgrade not applicable, returning empty row
Upgrade not applicable, returning empty row
Upgrade not applicable, returning empty row
Upgrade not applicable, returning empty row
Upgrade not applicable, returning empty row
Upgrade not applicable, returning empty row
Upgrade not applicable, returning empty row
Upgrade not applicable, returning empty row
Upgrade not applicable, returning empty row
Upgrade not applicable, returning empty row
Upgrade not applicable, returning empty row
Upgrade not applicable, returning empty row
Upgrade not applicable, returning empty row
Upgrade not applicable, returning empty row
Upgrade not applicable, returning empty row
Upgrade not applicable, returning empty row
Upgrade not applicable, returning empty row
Upgrade not applicable, returning empty row
Upgrade not applicable, returning empty row
Upgrade not applicable, returning empty row
Upgrade not applicable, returning empty row
Upgrade not applicable, returning empty row
Upgrade not applicable, returning empty row
Upgrade not applicable, returning empty row
Upgrade not applicable, returning empty row
Upgrade not applicable, returning empty row
Upgrade not applicable, returning empty row
Upgrade not applicable, returning empty row
Upgrade not applicable, returning empty row
Upgrade not applicable, returning empty row
Upgrade not applicable, returning empty row
Upgrade not applicable, returning empty row
Upgrade not applicable, returning empty row
Upgrade not applicable, returning empty row
Upgrade not applicable, returning empty row
Upgrade not applicable, returning empty row
Upgrade not applicable, returning empty row
Upgrade not applicable, returning empty row
Upgrade not applicable, returning empty row
Upgrade not applicable, returning empty row
Upgrade not applicable, returning empty row
Upgrade not applicable, returning empty row
Upgrade not applicable, returning empty row
Upgrade not applicable, returning empty row
Upgrade not applicable, returning empty row
Upgrade not applicable, returning empty row
Upgrade not applicable, returning empty row
Upgrade not applicable, returning empty row
Upgrade not applicable, returning empty row
Upgrade not applicable, returning empty row
Upgrade not applicable, returning empty row
Upgrade not applicable, returning empty row
Upgrade not applicable, returning empty row
Upgrade not applicable, returning empty row
Upgrade not applicable, returning empty row
Upgrade not applicable, returning empty row
Upgrade not applicable, returning empty row
Upgrade not applicable, returning empty row
Upgrade not applicable, returning empty row
Upgrade not applicable, returning empty row
Upgrade not applicable, returning empty row
Upgrade not applicable, returning empty row
Upgrade not applicable, returning empty row
Upgrade not applicable, returning empty row
Upgrade not applicable, returning empty row
Upgrade not applicable, returning empty row
Upgrade not applicable, returning empty row
Upgrade not applicable, returning empty row
Upgrade not applicable, returning empty row
Upgrade not applicable, returning empty row
Upgrade not applicable, returning empty row
Upgrade not applicable, returning empty row
Upgrade not applicable, returning empty row
Upgrade not applicable, returning empty row
Upgrade not applicable, returning empty row
Upgrade not applicable, returning empty row
Upgrade not applicable, returning empty row
Upgrade not applicable, returning empty row
Upgrade not applicable, returning empty row
Upgrade not applicable, returning empty row
Upgrade not applicable, returning empty row
Upgrade not applicable, returning empty row
Upgrade not applicable, returning empty row
Upgrade not applicable, returning empty row
Upgrade not applicable, returning empty row
Upgrade not applicable, returning empty row
Upgrade not applicable, returning empty row
Upgrade not applicable, returning empty row
Upgrade not applicable, returning empty row
Upgrade not applicable, returning empty row
Upgrade not applicable, returning empty row
Upgrade not applicable, returning empty row
Upgrade not applicable, returning empty row
Upgrade not applicable, returning empty row
Upgrade not applicable, returning empty row
Upgrade not applicable, returning empty row
Upgrade not applicable, returning empty row
Upgrade not applicable, returning empty row
Upgrade not applicable, returning empty row
Upgrade not applicable, returning empty row
Upgrade not applicable, returning empty row
Upgrade not applicable, returning empty row
Upgrade not applicable, returning empty row
Upgrade not applicable, returning empty row
Upgrade not applicable, returning empty row
Upgrade not applicable, returning empty row
Upgrade not applicable, returning empty row
Upgrade not applicable, returning empty row
Upgrade not applicable, returning empty row
Upgrade not applicable, returning empty row
Upgrade not applicable, returning empty row
Upgrade not applicable, returning empty row
Upgrade not applicable, returning empty row
Upgrade not applicable, returning empty row
Upgrade not applicable, returning empty row
Upgrade not applicable, returning empty row
Upgrade not applicable, returning empty row
Upgrade not applicable, returning empty row
Upgrade not applicable, returning empty row
Upgrade not applicable, returning empty row
Upgrade not applicable, returning empty row
Upgrade not applicable, returning empty row
Upgrade not applicable, returning empty row
Upgrade not applicable, returning empty row
Upgrade not applicable, returning empty row
Upgrade not applicable, returning empty row
Upgrade not applicable, returning empty row
Upgrade not applicable, returning empty row
Upgrade not applicable, returning empty row
Upgrade not applicable, returning empty row
Upgrade not applicable, returning empty row
Upgrade not applicable, returning empty row
Upgrade not applicable, returning empty row
Upgrade not applicable, returning empty row
Upgrade not applicable, returning empty row
Upgrade not applicable, returning empty row
Upgrade not applicable, returning empty row
Upgrade not applicable, returning empty row
Upgrade not applicable, returning empty row
Upgrade not applicable, returning empty row
Upgrade not applicable, returning empty row
Upgrade not applicable, returning empty row
Upgrade not applicable, returning empty row
Upgrade not applicable, returning empty row
Upgrade not applicable, returning empty row
Upgrade not applicable, returning empty row
Upgrade not applicable, returning empty row
Upgrade not applicable, returning empty row
Upgrade not applicable, returning empty row
Upgrade not applicable, returning empty row
Upgrade not applicable, returning empty row
Upgrade not applicable, returning empty row
Upgrade not applicable, returning empty row
Upgrade not applicable, returning empty row
Upgrade not applicable, returning empty row
Upgrade not applicable, returning empty row
Upgrade not applicable, returning empty row
Upgrade not applicable, returning empty row
Upgrade not applicable, returning empty row
Upgrade not applicable, returning empty row
Upgrade not applicable, returning empty row
Upgrade not applicable, returning empty row
Upgrade not applicable, returning empty row
Upgrade not applicable, returning empty row
Upgrade not applicable, returning empty row
Upgrade not applicable, returning empty row
Upgrade not applicable, returning empty row
Upgrade not applicable, returning empty row
Upgrade not applicable, returning empty row
Upgrade not applicable, returning empty row
Upgrade not applicable, returning empty row
Upgrade not applicable, returning empty row
Upgrade not applicable, returning empty row
Upgrade not applicable, returning empty row
Upgrade not applicable, returning empty row
Upgrade not applicable, returning empty row
Upgrade not applicable, returning empty row
Upgrade not applicable, returning empty row
Upgrade not applicable, returning empty row
Upgrade not applicable, returning empty row
Upgrade not applicable, returning empty row
Upgrade not applicable, returning empty row
Upgrade not applicable, returning empty row
Upgrade not applicable, returning empty row
Upgrade not applicable, returning empty row
Upgrade not applicable, returning empty row
Upgrade not applicable, returning empty row
Upgrade not applicable, returning empty row
Upgrade not applicable, returning empty row
Upgrade not applicable, returning empty row
Upgrade not applicable, returning empty row
Upgrade not applicable, returning empty row
Upgrade not applicable, returning empty row
Upgrade not applicable, returning empty row
Upgrade not applicable, returning empty row
Upgrade not applicable, returning empty row
Upgrade not applicable, returning empty row
Upgrade not applicable, returning empty row
Upgrade not applicable, returning empty row
Upgrade not applicable, returning empty row
Upgrade not applicable, returning empty row
Upgrade not applicable, returning empty row
Upgrade not applicable, returning empty row
Upgrade not applicable, returning empty row
Upgrade not applicable, returning empty row
Upgrade not applicable, returning empty row
Upgrade not applicable, returning empty row
Upgrade not applicable, returning empty row
Upgrade not applicable, returning empty row
Upgrade not applicable, returning empty row
Upgrade not applicable, returning empty row
Upgrade not applicable, returning empty row
Upgrade not applicable, returning empty row
Upgrade not applicable, returning empty row
Upgrade not applicable, returning empty row
Upgrade not applicable, returning empty row
Upgrade not applicable, returning empty row
Upgrade not applicable, returning empty row
Upgrade not applicable, returning empty row
Upgrade not applicable, returning empty row
Upgrade not applicable, returning empty row
Upgrade not applicable, returning empty row
Upgrade not applicable, returning empty row
Upgrade not applicable, returning empty row
Upgrade not applicable, returning empty row
Upgrade not applicable, returning empty row
Upgrade not applicable, returning empty row
Upgrade not applicable, returning empty row
Upgrade not applicable, returning empty row
Upgrade not applicable, returning empty row
Upgrade not applicable, returning empty row
Upgrade not applicable, returning empty row
Upgrade not applicable, returning empty row
Upgrade not applicable, returning empty row
Upgrade not applicable, returning empty row
Upgrade not applicable, returning empty row
Upgrade not applicable, returning empty row
Upgrade not applicable, returning empty row
Upgrade not applicable, returning empty row
Upgrade not applicable, returning empty row
Upgrade not applicable, returning empty row
Upgrade not applicable, returning empty row
Upgrade not applicable, returning empty row
Upgrade not applicable, returning empty row
Upgrade not applicable, returning empty row
Upgrade not applicable, returning empty row
Upgrade not applicable, returning empty row
Upgrade not applicable, returning empty row
Upgrade not applicable, returning empty row
Upgrade not applicable, returning empty row
Upgrade not applicable, returning empty row
Upgrade not applicable, returning empty row
Upgrade not applicable, returning empty row
Upgrade not applicable, returning empty row
Upgrade not applicable, returning empty row
Upgrade not applicable, returning empty row
Upgrade not applicable, returning empty row
Upgrade not applicable, returning empty row
Upgrade not applicable, returning empty row
Upgrade not applicable, returning empty row
Upgrade not applicable, returning empty row
Upgrade not applicable, returning empty row
Upgrade not applicable, returning empty row
Upgrade not applicable, returning empty row
Upgrade not applicable, returning empty row
Upgrade not applicable, returning empty row
Upgrade not applicable, returning empty row
Upgrade not applicable, returning empty row
Upgrade not applicable, returning empty row
Upgrade not applicable, returning empty row
Upgrade not applicable, returning empty row
Upgrade not applicable, returning empty row
Upgrade not applicable, returning empty row
Upgrade not applicable, returning empty row
Upgrade not applicable, returning empty row
Upgrade not applicable, returning empty row
Upgrade not applicable, returning empty row
Upgrade not applicable, returning empty row
Upgrade not applicable, returning empty row
Upgrade not applicable, returning empty row
Upgrade not applicable, returning empty row
Upgrade not applicable, returning empty row
Upgrade not applicable, returning empty row
Upgrade not applicable, returning empty row
Upgrade not applicable, returning empty row
Upgrade not applicable, returning empty row
Upgrade not applicable, returning empty row
Upgrade not applicable, returning empty row
Upgrade not applicable, returning empty row
Upgrade not applicable, returning empty row
Upgrade not applicable, returning empty row
Upgrade not applicable, returning empty row
Upgrade not applicable, returning empty row
Upgrade not applicable, returning empty row
Upgrade not applicable, returning empty row
Upgrade not applicable, returning empty row
Upgrade not applicable, returning empty row
Upgrade not applicable, returning empty row
Upgrade not applicable, returning empty row
Upgrade not applicable, returning empty row
Upgrade not applicable, returning empty row
Upgrade not applicable, returning empty row
Upgrade not applicable, returning empty row
Upgrade not applicable, returning empty row
Upgrade not applicable, returning empty row
Upgrade not applicable, returning empty row
Upgrade not applicable, returning empty row
Upgrade not applicable, returning empty row
Upgrade not applicable, returning empty row
Upgrade not applicable, returning empty row
Upgrade not applicable, returning empty row
Upgrade not applicable, returning empty row
Upgrade not applicable, returning empty row
Upgrade not applicable, returning empty row
Upgrade not applicable, returning empty row
Upgrade not applicable, returning empty row
Upgrade not applicable, returning empty row
Upgrade not applicable, returning empty row
Upgrade not applicable, returning empty row
Upgrade not applicable, returning empty row
Upgrade not applicable, returning empty row
Upgrade not applicable, returning empty row
Upgrade not applicable, returning empty row
Upgrade not applicable, returning empty row
Upgrade not applicable, returning empty row
Upgrade not applicable, returning empty row
Upgrade not applicable, returning empty row
Upgrade not applicable, returning empty row
Upgrade not applicable, returning empty row
Upgrade not applicable, returning empty row
Upgrade not applicable, returning empty row
Upgrade not applicable, returning empty row
Upgrade not applicable, returning empty row
Upgrade not applicable, returning empty row
Upgrade not applicable, returning empty row
Upgrade not applicable, returning empty row
Upgrade not applicable, returning empty row
Upgrade not applicable, returning empty row
Upgrade not applicable, returning empty row
Upgrade not applicable, returning empty row
Upgrade not applicable, returning empty row
Upgrade not applicable, returning empty row
Upgrade not applicable, returning empty row
Upgrade not applicable, returning empty row
Upgrade not applicable, returning empty row
Upgrade not applicable, returning empty row
Upgrade not applicable, returning empty row
Upgrade not applicable, returning empty row
Upgrade not applicable, returning empty row
Upgrade not applicable, returning empty row
Upgrade not applicable, returning empty row
Upgrade not applicable, returning empty row
Upgrade not applicable, returning empty row
Upgrade not applicable, returning empty row
Upgrade not applicable, returning empty row
Upgrade not applicable, returning empty row
Upgrade not applicable, returning empty row
Upgrade not applicable, returning empty row
Upgrade not applicable, returning empty row
Upgrade not applicable, returning empty row
Upgrade not applicable, returning empty row
Upgrade not applicable, returning empty row
Upgrade not applicable, returning empty row
Upgrade not applicable, returning empty row
Upgrade not applicable, returning empty row
Upgrade not applicable, returning empty row
Upgrade not applicable, returning empty row
Upgrade not applicable, returning empty row
Upgrade not applicable, returning empty row
Upgrade not applicable, returning empty row
Upgrade not applicable, returning empty row
Upgrade not applicable, returning empty row
Upgrade not applicable, returning empty row
Upgrade not applicable, returning empty row
Upgrade not applicable, returning empty row
Upgrade not applicable, returning empty row
Upgrade not applicable, returning empty row
Upgrade not applicable, returning empty row
Upgrade not applicable, returning empty row
Upgrade not applicable, returning empty row
Upgrade not applicable, returning empty row
Upgrade not applicable, returning empty row
Upgrade not applicable, returning empty row
Upgrade not applicable, returning empty row
Upgrade not applicable, returning empty row
Upgrade not applicable, returning empty row
Upgrade not applicable, returning empty row
Upgrade not applicable, returning empty row
Upgrade not applicable, returning empty row
Upgrade not applicable, returning empty row
Upgrade not applicable, returning empty row
Upgrade not applicable, returning empty row
Upgrade not applicable, returning empty row
Upgrade not applicable, returning empty row
Upgrade not applicable, returning empty row
Upgrade not applicable, returning empty row
Upgrade not applicable, returning empty row
Upgrade not applicable, returning empty row
Upgrade not applicable, returning empty row
Upgrade not applicable, returning empty row
Upgrade not applicable, returning empty row
Upgrade not applicable, returning empty row
Upgrade not applicable, returning empty row
Upgrade not applicable, returning empty row
Upgrade not applicable, returning empty row
Upgrade not applicable, returning empty row
Upgrade not applicable, returning empty row
Upgrade not applicable, returning empty row
Upgrade not applicable, returning empty row
Upgrade not applicable, returning empty row
Upgrade not applicable, returning empty row
Upgrade not applicable, returning empty row
Upgrade not applicable, returning empty row
Upgrade not applicable, returning empty row
Upgrade not applicable, returning empty row
Upgrade not applicable, returning empty row
Upgrade not applicable, returning empty row
Upgrade not applicable, returning empty row
Upgrade not applicable, returning empty row
Upgrade not applicable, returning empty row
Upgrade not applicable, returning empty row
Upgrade not applicable, returning empty row
Upgrade not applicable, returning empty row
Upgrade not applicable, returning empty row
Upgrade not applicable, returning empty row
Upgrade not applicable, returning empty row
Upgrade not applicable, returning empty row
Upgrade not applicable, returning empty row
Upgrade not applicable, returning empty row
Upgrade not applicable, returning empty row
Upgrade not applicable, returning empty row
Upgrade not applicable, returning empty row
Upgrade not applicable, returning empty row
Upgrade not applicable, returning empty row
Upgrade not applicable, returning empty row
Upgrade not applicable, returning empty row
Upgrade not applicable, returning empty row
Upgrade not applicable, returning empty row
Upgrade not applicable, returning empty row
Upgrade not applicable, returning empty row
Upgrade not applicable, returning empty row
Upgrade not applicable, returning empty row
Upgrade not applicable, returning empty row
Upgrade not applicable, returning empty row
Upgrade not applicable, returning empty row
Upgrade not applicable, returning empty row
Upgrade not applicable, returning empty row
Upgrade not applicable, returning empty row
Upgrade not applicable, returning empty row
Upgrade not applicable, returning empty row
Upgrade not applicable, returning empty row
Upgrade not applicable, returning empty row
Upgrade not applicable, returning empty row
Upgrade not applicable, returning empty row
Upgrade not applicable, returning empty row
Upgrade not applicable, returning empty row
Upgrade not applicable, returning empty row
Upgrade not applicable, returning empty row
Upgrade not applicable, returning empty row
Upgrade not applicable, returning empty row
Upgrade not applicable, returning empty row
Upgrade not applicable, returning empty row
Upgrade not applicable, returning empty row
Upgrade not applicable, returning empty row
Upgrade not applicable, returning empty row
Upgrade not applicable, returning empty row
Upgrade not applicable, returning empty row
Upgrade not applicable, returning empty row
Upgrade not applicable, returning empty row
Upgrade not applicable, returning empty row
Upgrade not applicable, returning empty row
Upgrade not applicable, returning empty row
Upgrade not applicable, returning empty row
Upgrade not applicable, returning empty row
Upgrade not applicable, returning empty row
Upgrade not applicable, returning empty row
Upgrade not applicable, returning empty row
Upgrade not applicable, returning empty row
Upgrade not applicable, returning empty row
Upgrade not applicable, returning empty row
Upgrade not applicable, returning empty row
Upgrade not applicable, returning empty row
Upgrade not applicable, returning empty row
Upgrade not applicable, returning empty row
Upgrade not applicable, returning empty row
Upgrade not applicable, returning empty row
Upgrade not applicable, returning empty row
Upgrade not applicable, returning empty row
Upgrade not applicable, returning empty row
Upgrade not applicable, returning empty row
Upgrade not applicable, returning empty row
Upgrade not applicable, returning empty row
Upgrade not applicable, returning empty row
Upgrade not applicable, returning empty row
Upgrade not applicable, returning empty row
Upgrade not applicable, returning empty row
Upgrade not applicable, returning empty row
Upgrade not applicable, returning empty row
Upgrade not applicable, returning empty row
Upgrade not applicable, returning empty row
Upgrade not applicable, returning empty row
Upgrade not applicable, returning empty row
Upgrade not applicable, returning empty row
Upgrade not applicable, returning empty row
Upgrade not applicable, returning empty row
Upgrade not applicable, returning empty row
Upgrade not applicable, returning empty row
Upgrade not applicable, returning empty row
Upgrade not applicable, returning empty row
Upgrade not applicable, returning empty row
Upgrade not applicable, returning empty row
Upgrade not applicable, returning empty row
Upgrade not applicable, returning empty row
Upgrade not applicable, returning empty row
Upgrade not applicable, returning empty row
Upgrade not applicable, returning empty row
Upgrade not applicable, returning empty row
Upgrade not applicable, returning empty row
Upgrade not applicable, returning empty row
Upgrade not applicable, returning empty row
Upgrade not applicable, returning empty row
Upgrade not applicable, returning empty row
Upgrade not applicable, returning empty row
Upgrade not applicable, returning empty row
Upgrade not applicable, returning empty row
Upgrade not applicable, returning empty row
Upgrade not applicable, returning empty row
Upgrade not applicable, returning empty row
Upgrade not applicable, returning empty row
Upgrade not applicable, returning empty row
Upgrade not applicable, returning empty row
Upgrade not applicable, returning empty row
Upgrade not applicable, returning empty row
Upgrade not applicable, returning empty row
Upgrade not applicable, returning empty row
Upgrade not applicable, returning empty row
Upgrade not applicable, returning empty row
Upgrade not applicable, returning empty row
Upgrade not applicable, returning empty row
Upgrade not applicable, returning empty row
Upgrade not applicable, returning empty row
Upgrade not applicable, returning empty row
Upgrade not applicable, returning empty row
Upgrade not applicable, returning empty row
Upgrade not applicable, returning empty row
Upgrade not applicable, returning empty row
Upgrade not applicable, returning empty row
Upgrade not applicable, returning empty row
Upgrade not applicable, returning empty row
Upgrade not applicable, returning empty row
Upgrade not applicable, returning empty row
Upgrade not applicable, returning empty row
Upgrade not applicable, returning empty row
Upgrade not applicable, returning empty row
Upgrade not applicable, returning empty row
Upgrade not applicable, returning empty row
Upgrade not applicable, returning empty row
Upgrade not applicable, returning empty row
Upgrade not applicable, returning empty row
Upgrade not applicable, returning empty row
Upgrade not applicable, returning empty row
Upgrade not applicable, returning empty row
Upgrade not applicable, returning empty row
Upgrade not applicable, returning empty row
Upgrade not applicable, returning empty row
Upgrade not applicable, returning empty row
Upgrade not applicable, returning empty row
Upgrade not applicable, returning empty row
Upgrade not applicable, returning empty row
Upgrade not applicable, returning empty row
Upgrade not applicable, returning empty row
Upgrade not applicable, returning empty row
Upgrade not applicable, returning empty row
Upgrade not applicable, returning empty row
Upgrade not applicable, returning empty row
Upgrade not applicable, returning empty row
Upgrade not applicable, returning empty row
Upgrade not applicable, returning empty row
Upgrade not applicable, returning empty row
Upgrade not applicable, returning empty row
Upgrade not applicable, returning empty row
Upgrade not applicable, returning empty row
Upgrade not applicable, returning empty row
Upgrade not applicable, returning empty row
Upgrade not applicable, returning empty row
Upgrade not applicable, returning empty row
Upgrade not applicable, returning empty row
Upgrade not applicable, returning empty row
Upgrade not applicable, returning empty row
Upgrade not applicable, returning empty row
Upgrade not applicable, returning empty row
Upgrade not applicable, returning empty row
Upgrade not applicable, returning empty row
Upgrade not applicable, returning empty row
Upgrade not applicable, returning empty row
Upgrade not applicable, returning empty row
Upgrade not applicable, returning empty row
Upgrade not applicable, returning empty row
Upgrade not applicable, returning empty row
Upgrade not applicable, returning empty row
Upgrade not applicable, returning empty row
Upgrade not applicable, returning empty row
Upgrade not applicable, returning empty row
Upgrade not applicable, returning empty row
Upgrade not applicable, returning empty row
Upgrade not applicable, returning empty row
Upgrade not applicable, returning empty row
Upgrade not applicable, returning empty row
Upgrade not applicable, returning empty row
Upgrade not applicable, returning empty row
Upgrade not applicable, returning empty row
Upgrade not applicable, returning empty row
Upgrade not applicable, returning empty row
Upgrade not applicable, returning empty row
Upgrade not applicable, returning empty row
Upgrade not applicable, returning empty row
Upgrade not applicable, returning empty row
Upgrade not applicable, returning empty row
Upgrade not applicable, returning empty row
Upgrade not applicable, returning empty row
Upgrade not applicable, returning empty row
Upgrade not applicable, returning empty row
Upgrade not applicable, returning empty row
Upgrade not applicable, returning empty row
Upgrade not applicable, returning empty row
Upgrade not applicable, returning empty row
Upgrade not applicable, returning empty row
Upgrade not applicable, returning empty row
Upgrade not applicable, returning empty row
Upgrade not applicable, returning empty row
Upgrade not applicable, returning empty row
Upgrade not applicable, returning empty row
Upgrade not applicable, returning empty row
Upgrade not applicable, returning empty row
Upgrade not applicable, returning empty row
Upgrade not applicable, returning empty row
Upgrade not applicable, returning empty row
Upgrade not applicable, returning empty row
Upgrade not applicable, returning empty row
Upgrade not applicable, returning empty row
Upgrade not applicable, returning empty row
Upgrade not applicable, returning empty row
Upgrade not applicable, returning empty row
Upgrade not applicable, returning empty row
Upgrade not applicable, returning empty row
Upgrade not applicable, returning empty row
Upgrade not applicable, returning empty row
Upgrade not applicable, returning empty row
Upgrade not applicable, returning empty row
Upgrade not applicable, returning empty row
Upgrade not applicable, returning empty row
Upgrade not applicable, returning empty row
Upgrade not applicable, returning empty row
Upgrade not applicable, returning empty row
Upgrade not applicable, returning empty row
Upgrade not applicable, returning empty row
Upgrade not applicable, returning empty row
Upgrade not applicable, returning empty row
Upgrade not applicable, returning empty row
Upgrade not applicable, returning empty row
Upgrade not applicable, returning empty row
Upgrade not applicable, returning empty row
Upgrade not applicable, returning empty row
Upgrade not applicable, returning empty row
Upgrade not applicable, returning empty row
Upgrade not applicable, returning empty row
Upgrade not applicable, returning empty row
Upgrade not applicable, returning empty row
Upgrade not applicable, returning empty row
Upgrade not applicable, returning empty row
Upgrade not applicable, returning empty row
Upgrade not applicable, returning empty row
Upgrade not applicable, returning empty row
Upgrade not applicable, returning empty row
Upgrade not applicable, returning empty row
Upgrade not applicable, returning empty row
Upgrade not applicable, returning empty row
Upgrade not applicable, returning empty row
Upgrade not applicable, returning empty row
Upgrade not applicable, returning empty row
Upgrade not applicable, returning empty row
Upgrade not applicable, returning empty row
Upgrade not applicable, returning empty row
Upgrade not applicable, returning empty row
Upgrade not applicable, returning empty row
Upgrade not applicable, returning empty row
Upgrade not applicable, returning empty row
Upgrade not applicable, returning empty row
Upgrade not applicable, returning empty row
Upgrade not applicable, returning empty row
Upgrade not applicable, returning empty row
Upgrade not applicable, returning empty row
Upgrade not applicable, returning empty row
Upgrade not applicable, returning empty row
Upgrade not applicable, returning empty row
Upgrade not applicable, returning empty row
Upgrade not applicable, returning empty row
Upgrade not applicable, returning empty row
Upgrade not applicable, returning empty row
Upgrade not applicable, returning empty row
Upgrade not applicable, returning empty row
Upgrade not applicable, returning empty row
Upgrade not applicable, returning empty row
Upgrade not applicable, returning empty row
Upgrade not applicable, returning empty row
Upgrade not applicable, returning empty row
Upgrade not applicable, returning empty row
Upgrade not applicable, returning empty row
Upgrade not applicable, returning empty row
Upgrade not applicable, returning empty row
Upgrade not applicable, returning empty row
Upgrade not applicable, returning empty row
Upgrade not applicable, returning empty row
Upgrade not applicable, returning empty row
Upgrade not applicable, returning empty row
Upgrade not applicable, returning empty row
Upgrade not applicable, returning empty row
Upgrade not applicable, returning empty row
Upgrade not applicable, returning empty row
Upgrade not applicable, returning empty row
Upgrade not applicable, returning empty row
Upgrade not applicable, returning empty row
Upgrade not applicable, returning empty row
Upgrade not applicable, returning empty row
Upgrade not applicable, returning empty row
Upgrade not applicable, returning empty row
Upgrade not applicable, returning empty row
Upgrade not applicable, returning empty row
Upgrade not applicable, returning empty row
Upgrade not applicable, returning empty row
Upgrade not applicable, returning empty row
Upgrade not applicable, returning empty row
Upgrade not applicable, returning empty row
Upgrade not applicable, returning empty row
Upgrade not applicable, returning empty row
Upgrade not applicable, returning empty row
Upgrade not applicable, returning empty row
Upgrade not applicable, returning empty row
Upgrade not applicable, returning empty row
Upgrade not applicable, returning empty row
Upgrade not applicable, returning empty row
Upgrade not applicable, returning empty row
Upgrade not applicable, returning empty row
Upgrade not applicable, returning empty row
Upgrade not applicable, returning empty row
Upgrade not applicable, returning empty row
Upgrade not applicable, returning empty row
Upgrade not applicable, returning empty row
Upgrade not applicable, returning empty row
Upgrade not applicable, returning empty row
Upgrade not applicable, returning empty row
Upgrade not applicable, returning empty row
Upgrade not applicable, returning empty row
Upgrade not applicable, returning empty row
Upgrade not applicable, returning empty row
Upgrade not applicable, returning empty row
Upgrade not applicable, returning empty row
Upgrade not applicable, returning empty row
Upgrade not applicable, returning empty row
Upgrade not applicable, returning empty row
Upgrade not applicable, returning empty row
Upgrade not applicable, returning empty row
Upgrade not applicable, returning empty row
Upgrade not applicable, returning empty row
Upgrade not applicable, returning empty row
Upgrade not applicable, returning empty row
Upgrade not applicable, returning empty row
Upgrade not applicable, returning empty row
Upgrade not applicable, returning empty row
Upgrade not applicable, returning empty row
Upgrade not applicable, returning empty row
Upgrade not applicable, returning empty row
Upgrade not applicable, returning empty row
Upgrade not applicable, returning empty row
Upgrade not applicable, returning empty row
Upgrade not applicable, returning empty row
Upgrade not applicable, returning empty row
Upgrade not applicable, returning empty row
Upgrade not applicable, returning empty row
Upgrade not applicable, returning empty row
Upgrade not applicable, returning empty row
Upgrade not applicable, returning empty row
Upgrade not applicable, returning empty row
Upgrade not applicable, returning empty row
Upgrade not applicable, returning empty row
Upgrade not applicable, returning empty row
Upgrade not applicable, returning empty row
Upgrade not applicable, returning empty row
Upgrade not applicable, returning empty row
Upgrade not applicable, returning empty row
Upgrade not applicable, returning empty row
Upgrade not applicable, returning empty row
Upgrade not applicable, returning empty row
Upgrade not applicable, returning empty row
Upgrade not applicable, returning empty row
Upgrade not applicable, returning empty row
Upgrade not applicable, returning empty row
Upgrade not applicable, returning empty row
Upgrade not applicable, returning empty row
Upgrade not applicable, returning empty row
Upgrade not applicable, returning empty row
Upgrade not applicable, returning empty row
Upgrade not applicable, returning empty row
Upgrade not applicable, returning empty row
Upgrade not applicable, returning empty row
Upgrade not applicable, returning empty row
Upgrade not applicable, returning empty row
Upgrade not applicable, returning empty row
Upgrade not applicable, returning empty row
Upgrade not applicable, returning empty row
Upgrade not applicable, returning empty row
Upgrade not applicable, returning empty row
Upgrade not applicable, returning empty row
Upgrade not applicable, returning empty row
Upgrade not applicable, returning empty row
Upgrade not applicable, returning empty row
Upgrade not applicable, returning empty row
Upgrade not applicable, returning empty row
Upgrade not applicable, returning empty row
Upgrade not applicable, returning empty row
Upgrade not applicable, returning empty row
Upgrade not applicable, returning empty row
Upgrade not applicable, returning empty row
Upgrade not applicable, returning empty row
Upgrade not applicable, returning empty row
Upgrade not applicable, returning empty row
Upgrade not applicable, returning empty row
Upgrade not applicable, returning empty row
Upgrade not applicable, returning empty row
Upgrade not applicable, returning empty row
Upgrade not applicable, returning empty row
Upgrade not applicable, returning empty row
Upgrade not applicable, returning empty row
Upgrade not applicable, returning empty row
Upgrade not applicable, returning empty row
Upgrade not applicable, returning empty row
Upgrade not applicable, returning empty row
Upgrade not applicable, returning empty row
Upgrade not applicable, returning empty row
Upgrade not applicable, returning empty row
Upgrade not applicable, returning empty row
Upgrade not applicable, returning empty row
Upgrade not applicable, returning empty row
Upgrade not applicable, returning empty row
Upgrade not applicable, returning empty row
Upgrade not applicable, returning empty row
Upgrade not applicable, returning empty row
Upgrade not applicable, returning empty row
Upgrade not applicable, returning empty row
Upgrade not applicable, returning empty row
Upgrade not applicable, returning empty row
Upgrade not applicable, returning empty row
Upgrade not applicable, returning empty row
Upgrade not applicable, returning empty row
Upgrade not applicable, returning empty row
Upgrade not applicable, returning empty row
Upgrade not applicable, returning empty row
Upgrade not applicable, returning empty row
Upgrade not applicable, returning empty row
Upgrade not applicable, returning empty row
Upgrade not applicable, returning empty row
Upgrade not applicable, returning empty row
Upgrade not applicable, returning empty row
Upgrade not applicable, returning empty row
Upgrade not applicable, returning empty row
Upgrade not applicable, returning empty row
Upgrade not applicable, returning empty row
Upgrade not applicable, returning empty row
Upgrade not applicable, returning empty row
Upgrade not applicable, returning empty row
Upgrade not applicable, returning empty row
Upgrade not applicable, returning empty row
Upgrade not applicable, returning empty row
Upgrade not applicable, returning empty row
Upgrade not applicable, returning empty row
Upgrade not applicable, returning empty row
Upgrade not applicable, returning empty row
Upgrade not applicable, returning empty row
Upgrade not applicable, returning empty row
Upgrade not applicable, returning empty row
Upgrade not applicable, returning empty row
Upgrade not applicable, returning empty row
Upgrade not applicable, returning empty row
Upgrade not applicable, returning empty row
Upgrade not applicable, returning empty row
Upgrade not applicable, returning empty row
Upgrade not applicable, returning empty row
Upgrade not applicable, returning empty row
Upgrade not applicable, returning empty row
Upgrade not applicable, returning empty row
Upgrade not applicable, returning empty row
Upgrade not applicable, returning empty row
Upgrade not applicable, returning empty row
Upgrade not applicable, returning empty row
Upgrade not applicable, returning empty row
Upgrade not applicable, returning empty row
Upgrade not applicable, returning empty row
Upgrade not applicable, returning empty row
Upgrade not applicable, returning empty row
Upgrade not applicable, returning empty row
Upgrade not applicable, returning empty row
Upgrade not applicable, returning empty row
Upgrade not applicable, returning empty row
Upgrade not applicable, returning empty row
Upgrade not applicable, returning empty row
Upgrade not applicable, returning empty row
Upgrade not applicable, returning empty row
Upgrade not applicable, returning empty row
Upgrade not applicable, returning empty row
Upgrade not applicable, returning empty row
Upgrade not applicable, returning empty row
Upgrade not applicable, returning empty row
Upgrade not applicable, returning empty row
Upgrade not applicable, returning empty row
Upgrade not applicable, returning empty row
Upgrade not applicable, returning empty row
Upgrade not applicable, returning empty row
Upgrade not applicable, returning empty row
Upgrade not applicable, returning empty row
Upgrade not applicable, returning empty row
Upgrade not applicable, returning empty row
Upgrade not applicable, returning empty row
Upgrade not applicable, returning empty row
Upgrade not applicable, returning empty row
Upgrade not applicable, returning empty row
Upgrade not applicable, returning empty row
Upgrade not applicable, returning empty row
Upgrade not applicable, returning empty row
Upgrade not applicable, returning empty row
Upgrade not applicable, returning empty row
Upgrade not applicable, returning empty row
Upgrade not applicable, returning empty row
Upgrade not applicable, returning empty row
Upgrade not applicable, returning empty row
Upgrade not applicable, returning empty row
Upgrade not applicable, returning empty row
Upgrade not applicable, returning empty row
Upgrade not applicable, returning empty row
Upgrade not applicable, returning empty row
Upgrade not applicable, returning empty row
Upgrade not applicable, returning empty row
Upgrade not applicable, returning empty row
Upgrade not applicable, returning empty row
Upgrade not applicable, returning empty row
Upgrade not applicable, returning empty row
Upgrade not applicable, returning empty row
Upgrade not applicable, returning empty row
Upgrade not applicable, returning empty row
Upgrade not applicable, returning empty row
Upgrade not applicable, returning empty row
Upgrade not applicable, returning empty row
Projecting Future Energy Consumption (Upgraded Equipment): heating
Projecting Future Energy Consumption (Upgraded Equipment): cooling
Calculating marginal emissions and marginal damages for heating
Calculating marginal emissions and marginal damages for heating
Calculating POST-RETROFIT (MP8) fuel costs from 2024 to 2049 for heating
Calculating POST-RETROFIT (MP8) fuel costs from 2024 to 2049 for heating
Calculating Cost of Retrofit Upgrade: Heat Pump for Space Heating (No Enclosure Upgrade) ...
progressive_costs is [6654.75 6654.75 6654.75 ... 6654.75 6654.75 6654.75]
reference_costs is [8151.035 8151.035 8151.035 ... 8151.035 8151.035 8151.035]
conservative_costs is [9647.32 9647.32 9647.32 ... 9647.32 9647.32 9647.32]
progressive_costs is [0 0 0 ... 0 0 0]
reference_costs is [0 0 0 ... 0 0 0]
conservative_costs is [0 0 0 ... 0 0 0]
progressive_costs is [87.8525 87.8525 87.8525 ... 87.8525 87.8525 87.8525]
reference_costs is [95.94541667 95.94541667 95.94541667 ... 95.94541667 95.94541667
 95.94541667]
conservative_costs is [104.03833333 104.03833333 104.03833333 ... 104.03833333 104.03833333
 104.03833333]
Calculating Cost of Replacing Existing Equipment with Similar Model/Efficiency ...
progressive_costs is [3700.   3292.56 1600.   ... 3292.56 3292.56 3292.56]
reference_costs is [4800.   3421.92 1600.   ... 3421.92 3421.92 3421.92]
conservative_costs is [5900.   3551.28 1600.   ... 3551.28 3551.28 3551.28]
sampled_costs is [4800.   3421.92 1600.   ... 3421.92 3421.92 3421.92]
progressive_costs is [0 0 0 ... 0 0 0]
reference_costs is [0 0 0 ... 0 0 0]
conservative_costs is [0 0 0 ... 0 0 0]
sampled_costs is [0 0 0 ... 0 0 0]
progressive_costs is [42.     7.854 50.    ...  7.854  7.854  7.854]
reference_costs is [55.     8.547 50.    ...  8.547  8.547  8.547]
conservative_costs is [68.    9.24 50.   ...  9.24  9.24  9.24]
sampled_costs is [55.     8.547 50.    ...  8.547  8.547  8.547]
progressive_costs is [6188.89  5656.375 5656.375 ... 5656.375 5656.375  377.79 ]
reference_costs is [11237.48        6211.72166667  6211.72166667 ...  6211.72166667
  6211.72166667   438.72      ]
conservative_costs is [16286.07        6767.06833333  6767.06833333 ...  6767.06833333
  6767.06833333   660.35      ]
sampled_costs is [11237.48        6211.72166667  6211.72166667 ...  6211.72166667
  6211.72166667   438.72      ]
progressive_costs is [0 0 0 ... 0 0 0]
reference_costs is [0 0 0 ... 0 0 0]
conservative_costs is [0 0 0 ... 0 0 0]
sampled_costs is [0 0 0 ... 0 0 0]
progressive_costs is [515.74083333  82.1125      82.1125     ...  82.1125      82.1125
  31.4825    ]
reference_costs is [936.45666667  91.11916667  91.11916667 ...  91.11916667  91.11916667
  36.56      ]
conservative_costs is [1357.1725      100.12583333  100.12583333 ...  100.12583333  100.12583333
   55.02916667]
sampled_costs is [936.45666667  91.11916667  91.11916667 ...  91.11916667  91.11916667
  36.56      ]
Calculating Space Heating Specific Premiums (Ex: Removing Hydronic Boiler) ...
Unexpected income format
could not convert string to float: 'Not Available'
Unexpected income format
could not convert string to float: 'Not Available'
Unexpected income format
could not convert string to float: 'Not Available'
Unexpected income format
could not convert string to float: 'Not Available'
Unexpected income format
could not convert string to float: 'Not Available'
Unexpected income format
could not convert string to float: 'Not Available'
Unexpected income format
could not convert string to float: 'Not Available'
Unexpected income format
could not convert string to float: 'Not Available'
Unexpected income format
could not convert string to float: 'Not Available'
Unexpected income format
could not convert string to float: 'Not Available'
Unexpected income format
could not convert string to float: 'Not Available'
Unexpected income format
could not convert string to float: 'Not Available'
Unexpected income format
could not convert string to float: 'Not Available'
Unexpected income format
could not convert string to float: 'Not Available'
Unexpected income format
could not convert string to float: 'Not Available'
Unexpected income format
could not convert string to float: 'Not Available'
Unexpected income format
could not convert string to float: 'Not Available'
Unexpected income format
could not convert string to float: 'Not Available'
Unexpected income format
could not convert string to float: 'Not Available'
Unexpected income format
could not convert string to float: 'Not Available'
Unexpected income format
could not convert string to float: 'Not Available'
Unexpected income format
could not convert string to float: 'Not Available'
Unexpected income format
could not convert string to float: 'Not Available'
Unexpected income format
could not convert string to float: 'Not Available'
Unexpected income format
could not convert string to float: 'Not Available'
Unexpected income format
could not convert string to float: 'Not Available'
Unexpected income format
could not convert string to float: 'Not Available'
Unexpected income format
could not convert string to float: 'Not Available'
Unexpected income format
could not convert string to float: 'Not Available'
Unexpected income format
could not convert string to float: 'Not Available'
Unexpected income format
could not convert string to float: 'Not Available'
Unexpected income format
could not convert string to float: 'Not Available'
Unexpected income format
could not convert string to float: 'Not Available'
Unexpected income format
could not convert string to float: 'Not Available'
Unexpected income format
could not convert string to float: 'Not Available'
Unexpected income format
could not convert string to float: 'Not Available'
Unexpected income format
could not convert string to float: 'Not Available'
Unexpected income format
could not convert string to float: 'Not Available'
Unexpected income format
could not convert string to float: 'Not Available'
Unexpected income format
could not convert string to float: 'Not Available'
Unexpected income format
could not convert string to float: 'Not Available'
Unexpected income format
could not convert string to float: 'Not Available'
Unexpected income format
could not convert string to float: 'Not Available'
Unexpected income format
could not convert string to float: 'Not Available'
Unexpected income format
could not convert string to float: 'Not Available'
Unexpected income format
could not convert string to float: 'Not Available'
Unexpected income format
could not convert string to float: 'Not Available'
Unexpected income format
could not convert string to float: 'Not Available'
Unexpected income format
could not convert string to float: 'Not Available'
Unexpected income format
could not convert string to float: 'Not Available'
Unexpected income format
could not convert string to float: 'Not Available'
Unexpected income format
could not convert string to float: 'Not Available'
Unexpected income format
could not convert string to float: 'Not Available'
Unexpected income format
could not convert string to float: 'Not Available'
Unexpected income format
could not convert string to float: 'Not Available'
Unexpected income format
could not convert string to float: 'Not Available'
Unexpected income format
could not convert string to float: 'Not Available'
Unexpected income format
could not convert string to float: 'Not Available'
Unexpected income format
could not convert string to float: 'Not Available'
Unexpected income format
could not convert string to float: 'Not Available'
Unexpected income format
could not convert string to float: 'Not Available'
Unexpected income format
could not convert string to float: 'Not Available'
Unexpected income format
could not convert string to float: 'Not Available'
Unexpected income format
could not convert string to float: 'Not Available'
Unexpected income format
could not convert string to float: 'Not Available'
Unexpected income format
could not convert string to float: 'Not Available'
Unexpected income format
could not convert string to float: 'Not Available'
Unexpected income format
could not convert string to float: 'Not Available'
Unexpected income format
could not convert string to float: 'Not Available'
Unexpected income format
could not convert string to float: 'Not Available'
Unexpected income format
could not convert string to float: 'Not Available'
Unexpected income format
could not convert string to float: 'Not Available'
Unexpected income format
could not convert string to float: 'Not Available'
Unexpected income format
could not convert string to float: 'Not Available'
Unexpected income format
could not convert string to float: 'Not Available'
Unexpected income format
could not convert string to float: 'Not Available'
Unexpected income format
could not convert string to float: 'Not Available'
Unexpected income format
could not convert string to float: 'Not Available'
Unexpected income format
could not convert string to float: 'Not Available'
Unexpected income format
could not convert string to float: 'Not Available'
Unexpected income format
could not convert string to float: 'Not Available'
Unexpected income format
could not convert string to float: 'Not Available'
Unexpected income format
could not convert string to float: 'Not Available'
Unexpected income format
could not convert string to float: 'Not Available'
Unexpected income format
could not convert string to float: 'Not Available'
Unexpected income format
could not convert string to float: 'Not Available'
Unexpected income format
could not convert string to float: 'Not Available'
Unexpected income format
could not convert string to float: 'Not Available'
Unexpected income format
could not convert string to float: 'Not Available'
Unexpected income format
could not convert string to float: 'Not Available'
Unexpected income format
could not convert string to float: 'Not Available'
Unexpected income format
could not convert string to float: 'Not Available'
Unexpected income format
could not convert string to float: 'Not Available'
Unexpected income format
could not convert string to float: 'Not Available'
Unexpected income format
could not convert string to float: 'Not Available'
Unexpected income format
could not convert string to float: 'Not Available'
Unexpected income format
could not convert string to float: 'Not Available'
Unexpected income format
could not convert string to float: 'Not Available'
Unexpected income format
could not convert string to float: 'Not Available'
Unexpected income format
could not convert string to float: 'Not Available'
Unexpected income format
could not convert string to float: 'Not Available'
Unexpected income format
could not convert string to float: 'Not Available'
Unexpected income format
could not convert string to float: 'Not Available'
Unexpected income format
could not convert string to float: 'Not Available'
Unexpected income format
could not convert string to float: 'Not Available'
Unexpected income format
could not convert string to float: 'Not Available'
Unexpected income format
could not convert string to float: 'Not Available'
Unexpected income format
could not convert string to float: 'Not Available'
Unexpected income format
could not convert string to float: 'Not Available'
Unexpected income format
could not convert string to float: 'Not Available'
Unexpected income format
could not convert string to float: 'Not Available'
Unexpected income format
could not convert string to float: 'Not Available'
Unexpected income format
could not convert string to float: 'Not Available'
Unexpected income format
could not convert string to float: 'Not Available'
Unexpected income format
could not convert string to float: 'Not Available'
Unexpected income format
could not convert string to float: 'Not Available'
Unexpected income format
could not convert string to float: 'Not Available'
Unexpected income format
could not convert string to float: 'Not Available'
Unexpected income format
could not convert string to float: 'Not Available'
Unexpected income format
could not convert string to float: 'Not Available'
Unexpected income format
could not convert string to float: 'Not Available'
Unexpected income format
could not convert string to float: 'Not Available'
Unexpected income format
could not convert string to float: 'Not Available'
Unexpected income format
could not convert string to float: 'Not Available'
Unexpected income format
could not convert string to float: 'Not Available'
Unexpected income format
could not convert string to float: 'Not Available'
Unexpected income format
could not convert string to float: 'Not Available'
Unexpected income format
could not convert string to float: 'Not Available'
Unexpected income format
could not convert string to float: 'Not Available'
Unexpected income format
could not convert string to float: 'Not Available'
Unexpected income format
could not convert string to float: 'Not Available'
Unexpected income format
could not convert string to float: 'Not Available'
Unexpected income format
could not convert string to float: 'Not Available'
Unexpected income format
could not convert string to float: 'Not Available'
Unexpected income format
could not convert string to float: 'Not Available'
Unexpected income format
could not convert string to float: 'Not Available'
Unexpected income format
could not convert string to float: 'Not Available'
Unexpected income format
could not convert string to float: 'Not Available'
Unexpected income format
could not convert string to float: 'Not Available'
Unexpected income format
could not convert string to float: 'Not Available'
Unexpected income format
could not convert string to float: 'Not Available'
Unexpected income format
could not convert string to float: 'Not Available'
Unexpected income format
could not convert string to float: 'Not Available'
Unexpected income format
could not convert string to float: 'Not Available'
Unexpected income format
could not convert string to float: 'Not Available'
Unexpected income format
could not convert string to float: 'Not Available'
Unexpected income format
could not convert string to float: 'Not Available'
Unexpected income format
could not convert string to float: 'Not Available'
Unexpected income format
could not convert string to float: 'Not Available'
Unexpected income format
could not convert string to float: 'Not Available'
Unexpected income format
could not convert string to float: 'Not Available'
Unexpected income format
could not convert string to float: 'Not Available'
Unexpected income format
could not convert string to float: 'Not Available'
Unexpected income format
could not convert string to float: 'Not Available'
Unexpected income format
could not convert string to float: 'Not Available'
Unexpected income format
could not convert string to float: 'Not Available'
Unexpected income format
could not convert string to float: 'Not Available'
Unexpected income format
could not convert string to float: 'Not Available'
Unexpected income format
could not convert string to float: 'Not Available'
Unexpected income format
could not convert string to float: 'Not Available'
Unexpected income format
could not convert string to float: 'Not Available'
Unexpected income format
could not convert string to float: 'Not Available'
Unexpected income format
could not convert string to float: 'Not Available'
Unexpected income format
could not convert string to float: 'Not Available'
Unexpected income format
could not convert string to float: 'Not Available'
Unexpected income format
could not convert string to float: 'Not Available'
Unexpected income format
could not convert string to float: 'Not Available'
Unexpected income format
could not convert string to float: 'Not Available'
Unexpected income format
could not convert string to float: 'Not Available'
Unexpected income format
could not convert string to float: 'Not Available'
Unexpected income format
could not convert string to float: 'Not Available'
Unexpected income format
could not convert string to float: 'Not Available'
Unexpected income format
could not convert string to float: 'Not Available'
Unexpected income format
could not convert string to float: 'Not Available'
Unexpected income format
could not convert string to float: 'Not Available'
Unexpected income format
could not convert string to float: 'Not Available'
Unexpected income format
could not convert string to float: 'Not Available'
Unexpected income format
could not convert string to float: 'Not Available'
Unexpected income format
could not convert string to float: 'Not Available'
Unexpected income format
could not convert string to float: 'Not Available'
Unexpected income format
could not convert string to float: 'Not Available'
Unexpected income format
could not convert string to float: 'Not Available'
Unexpected income format
could not convert string to float: 'Not Available'
Unexpected income format
could not convert string to float: 'Not Available'
Unexpected income format
could not convert string to float: 'Not Available'
Unexpected income format
could not convert string to float: 'Not Available'
Unexpected income format
could not convert string to float: 'Not Available'
Unexpected income format
could not convert string to float: 'Not Available'
Unexpected income format
could not convert string to float: 'Not Available'
Unexpected income format
could not convert string to float: 'Not Available'
Unexpected income format
could not convert string to float: 'Not Available'
Unexpected income format
could not convert string to float: 'Not Available'
Unexpected income format
could not convert string to float: 'Not Available'
Unexpected income format
could not convert string to float: 'Not Available'
Unexpected income format
could not convert string to float: 'Not Available'
Unexpected income format
could not convert string to float: 'Not Available'
Unexpected income format
could not convert string to float: 'Not Available'
Unexpected income format
could not convert string to float: 'Not Available'
Unexpected income format
could not convert string to float: 'Not Available'
Unexpected income format
could not convert string to float: 'Not Available'
Unexpected income format
could not convert string to float: 'Not Available'
Unexpected income format
could not convert string to float: 'Not Available'
Unexpected income format
could not convert string to float: 'Not Available'
Unexpected income format
could not convert string to float: 'Not Available'
Unexpected income format
could not convert string to float: 'Not Available'
Unexpected income format
could not convert string to float: 'Not Available'
Unexpected income format
could not convert string to float: 'Not Available'
Unexpected income format
could not convert string to float: 'Not Available'
Unexpected income format
could not convert string to float: 'Not Available'
Unexpected income format
could not convert string to float: 'Not Available'
Unexpected income format
could not convert string to float: 'Not Available'
Unexpected income format
could not convert string to float: 'Not Available'
Unexpected income format
could not convert string to float: 'Not Available'
Unexpected income format
could not convert string to float: 'Not Available'
Unexpected income format
could not convert string to float: 'Not Available'
Unexpected income format
could not convert string to float: 'Not Available'
Unexpected income format
could not convert string to float: 'Not Available'
Unexpected income format
could not convert string to float: 'Not Available'
Unexpected income format
could not convert string to float: 'Not Available'
Unexpected income format
could not convert string to float: 'Not Available'
Unexpected income format
could not convert string to float: 'Not Available'
Unexpected income format
could not convert string to float: 'Not Available'
Unexpected income format
could not convert string to float: 'Not Available'
Unexpected income format
could not convert string to float: 'Not Available'
Unexpected income format
could not convert string to float: 'Not Available'
Unexpected income format
could not convert string to float: 'Not Available'
Unexpected income format
could not convert string to float: 'Not Available'
Unexpected income format
could not convert string to float: 'Not Available'
Unexpected income format
could not convert string to float: 'Not Available'
Unexpected income format
could not convert string to float: 'Not Available'
Unexpected income format
could not convert string to float: 'Not Available'
Unexpected income format
could not convert string to float: 'Not Available'
Unexpected income format
could not convert string to float: 'Not Available'
Unexpected income format
could not convert string to float: 'Not Available'
Unexpected income format
could not convert string to float: 'Not Available'
Unexpected income format
could not convert string to float: 'Not Available'
Unexpected income format
could not convert string to float: 'Not Available'
Unexpected income format
could not convert string to float: 'Not Available'
Unexpected income format
could not convert string to float: 'Not Available'
Unexpected income format
could not convert string to float: 'Not Available'
Unexpected income format
could not convert string to float: 'Not Available'
Unexpected income format
could not convert string to float: 'Not Available'
Unexpected income format
could not convert string to float: 'Not Available'
Unexpected income format
could not convert string to float: 'Not Available'
Unexpected income format
could not convert string to float: 'Not Available'
Unexpected income format
could not convert string to float: 'Not Available'
Unexpected income format
could not convert string to float: 'Not Available'
Unexpected income format
could not convert string to float: 'Not Available'
Unexpected income format
could not convert string to float: 'Not Available'
Unexpected income format
could not convert string to float: 'Not Available'
Unexpected income format
could not convert string to float: 'Not Available'
Unexpected income format
could not convert string to float: 'Not Available'
Unexpected income format
could not convert string to float: 'Not Available'
Unexpected income format
could not convert string to float: 'Not Available'
Unexpected income format
could not convert string to float: 'Not Available'
Unexpected income format
could not convert string to float: 'Not Available'
Unexpected income format
could not convert string to float: 'Not Available'
Unexpected income format
could not convert string to float: 'Not Available'
Unexpected income format
could not convert string to float: 'Not Available'
Unexpected income format
could not convert string to float: 'Not Available'
Unexpected income format
could not convert string to float: 'Not Available'
Unexpected income format
could not convert string to float: 'Not Available'
Unexpected income format
could not convert string to float: 'Not Available'
Unexpected income format
could not convert string to float: 'Not Available'
Unexpected income format
could not convert string to float: 'Not Available'
Unexpected income format
could not convert string to float: 'Not Available'
Unexpected income format
could not convert string to float: 'Not Available'
Unexpected income format
could not convert string to float: 'Not Available'
Unexpected income format
could not convert string to float: 'Not Available'
Unexpected income format
could not convert string to float: 'Not Available'
Unexpected income format
could not convert string to float: 'Not Available'
Unexpected income format
could not convert string to float: 'Not Available'
Unexpected income format
could not convert string to float: 'Not Available'
Unexpected income format
could not convert string to float: 'Not Available'
Unexpected income format
could not convert string to float: 'Not Available'
Unexpected income format
could not convert string to float: 'Not Available'
Unexpected income format
could not convert string to float: 'Not Available'
Unexpected income format
could not convert string to float: 'Not Available'
Unexpected income format
could not convert string to float: 'Not Available'
Unexpected income format
could not convert string to float: 'Not Available'
Unexpected income format
could not convert string to float: 'Not Available'
Unexpected income format
could not convert string to float: 'Not Available'
Unexpected income format
could not convert string to float: 'Not Available'
Unexpected income format
could not convert string to float: 'Not Available'
Unexpected income format
could not convert string to float: 'Not Available'
Unexpected income format
could not convert string to float: 'Not Available'
Unexpected income format
could not convert string to float: 'Not Available'
Unexpected income format
could not convert string to float: 'Not Available'
Unexpected income format
could not convert string to float: 'Not Available'
Unexpected income format
could not convert string to float: 'Not Available'
Unexpected income format
could not convert string to float: 'Not Available'
Unexpected income format
could not convert string to float: 'Not Available'
Unexpected income format
could not convert string to float: 'Not Available'
Unexpected income format
could not convert string to float: 'Not Available'
Unexpected income format
could not convert string to float: 'Not Available'
Unexpected income format
could not convert string to float: 'Not Available'
Unexpected income format
could not convert string to float: 'Not Available'
Unexpected income format
could not convert string to float: 'Not Available'
Unexpected income format
could not convert string to float: 'Not Available'
Unexpected income format
could not convert string to float: 'Not Available'
Unexpected income format
could not convert string to float: 'Not Available'
Unexpected income format
could not convert string to float: 'Not Available'
Unexpected income format
could not convert string to float: 'Not Available'
Unexpected income format
could not convert string to float: 'Not Available'
Unexpected income format
could not convert string to float: 'Not Available'
Unexpected income format
could not convert string to float: 'Not Available'
Unexpected income format
could not convert string to float: 'Not Available'
Unexpected income format
could not convert string to float: 'Not Available'
Unexpected income format
could not convert string to float: 'Not Available'

Calculating Public NPV for heating...
              lifetime: 25, interest_rate: 0.02, policy_scenario: No Inflation Reduction Act

Calculating Public NPV for heating...
              lifetime: 25, interest_rate: 0.02, policy_scenario: AEO2023 Reference Case

Calculating costs for heating...
          input_mp: default_option_closest_to_sales_volume_weighted_heat_pump_device, menu_mp: 8, policy_scenario: No Inflation Reduction Act

Calculating MMPV for heating...
          lifetime: 25, discount_rate: 0.07, policy_scenario: No Inflation Reduction Act
          

Calculating costs for heating...
          input_mp: default_option_closest_to_sales_volume_weighted_heat_pump_device, menu_mp: 8, policy_scenario: AEO2023 Reference Case

Calculating MMPV for heating...
          lifetime: 25, discount_rate: 0.07, policy_scenario: AEO2023 Reference Case
          
Writing output to /ocean/projects/eng220005p/agautam3/cmu-tare-model/output_results/national_ASHP_8000_all_unit_residence_NO_IRA_TRANE_REPLACEMENT_COSTS/alpha_beta_NPV_tare_output.csv
